<?xml version="1.0" encoding="UTF-8"?>
<coverage generated="1686796967684" clover="3.2.0">
  <project timestamp="1686796967684" name="All files">
    <metrics statements="3" coveredstatements="3" conditionals="4" coveredconditionals="3" methods="1" coveredmethods="1" elements="8" coveredelements="7" complexity="0" loc="3" ncloc="3" packages="1" files="1" classes="1"/>
    <file name="index.js" path="/Users/julianamorroni/Documents/Cursos 2023/XP-Drinking-Game/src/index.js">
      <metrics statements="3" coveredstatements="3" conditionals="4" coveredconditionals="3" methods="1" coveredmethods="1"/>
      <line num="4" count="1" type="cond" truecount="3" falsecount="1"/>
      <line num="5" count="1" type="stmt"/>
      <line num="10" count="1" type="stmt"/>
    </file>
  </project>
</coverage>
