{"/Users/julianamorroni/Documents/Cursos 2023/XP-Drinking-Game/src/index.js": {"path":"/Users/julianamorroni/Documents/Cursos 2023/XP-Drinking-Game/src/index.js","statementMap":{"0":{"start":{"line":4,"column":4},"end":{"line":5,"column":40}},"1":{"start":{"line":5,"column":8},"end":{"line":5,"column":40}},"2":{"start":{"line":6,"column":4},"end":{"line":7,"column":40}},"3":{"start":{"line":7,"column":8},"end":{"line":7,"column":40}},"4":{"start":{"line":11,"column":0},"end":{"line":13,"column":1}}},"fnMap":{"0":{"name":"game","decl":{"start":{"line":1,"column":9},"end":{"line":1,"column":13}},"loc":{"start":{"line":1,"column":20},"end":{"line":8,"column":1}},"line":1}},"branchMap":{"0":{"loc":{"start":{"line":4,"column":4},"end":{"line":5,"column":40}},"type":"if","locations":[{"start":{"line":4,"column":4},"end":{"line":5,"column":40}},{"start":{},"end":{}}],"line":4},"1":{"loc":{"start":{"line":4,"column":8},"end":{"line":4,"column":24}},"type":"binary-expr","locations":[{"start":{"line":4,"column":8},"end":{"line":4,"column":14}},{"start":{"line":4,"column":18},"end":{"line":4,"column":24}}],"line":4},"2":{"loc":{"start":{"line":6,"column":4},"end":{"line":7,"column":40}},"type":"if","locations":[{"start":{"line":6,"column":4},"end":{"line":7,"column":40}},{"start":{},"end":{}}],"line":6},"3":{"loc":{"start":{"line":6,"column":8},"end":{"line":6,"column":24}},"type":"binary-expr","locations":[{"start":{"line":6,"column":8},"end":{"line":6,"column":14}},{"start":{"line":6,"column":18},"end":{"line":6,"column":24}}],"line":6}},"s":{"0":2,"1":1,"2":1,"3":1,"4":1},"f":{"0":2},"b":{"0":[1,1],"1":[2,1],"2":[1,0],"3":[1,1]},"_coverageSchema":"1a1c01bbd47fc00a2c39e90264f33305004495a9","hash":"ab8a366e8cdbda688890ad6bea2aa63ad0e3d61f"}
}
